{"contracts\\VolcanoCoin.sol":{"l":{"20":6,"24":0,"25":0,"29":0,"33":0,"34":0,"35":0,"39":0},"path":"C:\\Workspaces\\encode-bootcamp-homework\\Homework-5\\contracts\\VolcanoCoin.sol","s":{"1":6,"2":0,"3":0,"4":0,"5":0,"6":0,"7":0,"8":0},"b":{},"f":{"1":6,"2":0,"3":0,"4":0,"5":0},"fnMap":{"1":{"name":"constructor","line":19,"loc":{"start":{"line":19,"column":4},"end":{"line":21,"column":4}}},"2":{"name":"addToTotalSupply","line":23,"loc":{"start":{"line":23,"column":4},"end":{"line":26,"column":4}}},"3":{"name":"getPayments","line":28,"loc":{"start":{"line":28,"column":4},"end":{"line":30,"column":4}}},"4":{"name":"transfer","line":32,"loc":{"start":{"line":32,"column":4},"end":{"line":36,"column":4}}},"5":{"name":"recordPayment","line":38,"loc":{"start":{"line":38,"column":4},"end":{"line":40,"column":4}}}},"statementMap":{"1":{"start":{"line":20,"column":8},"end":{"line":20,"column":39}},"2":{"start":{"line":24,"column":8},"end":{"line":24,"column":35}},"3":{"start":{"line":25,"column":8},"end":{"line":25,"column":44}},"4":{"start":{"line":29,"column":8},"end":{"line":29,"column":30}},"5":{"start":{"line":33,"column":8},"end":{"line":33,"column":49}},"6":{"start":{"line":34,"column":8},"end":{"line":34,"column":53}},"7":{"start":{"line":35,"column":8},"end":{"line":35,"column":19}},"8":{"start":{"line":39,"column":8},"end":{"line":39,"column":59}}},"branchMap":{}}}